[   0.00] nitilinggroup ubs uset
[    0000] Initalzi croup subsys cpu
[    0.0000] Initializngcgroupsuyspuact
  0.0000 Linuxeron 44.0-131-ger (build@w01-amd64-15 (c ersin 4.2060609 (Ubutu.40-6unt~1.04.10)) #157-Ubun SP Thu ul2 :51:6 C 18 (Ubunu 4.4.0-131.157-generic 4.4.134)
[    0.000000] Command line: BOOT_IMAGE=/boot/vmlinuz-4.4.0-131-generic root=LABEL=cloudimg-rootfs ro console=tty1 console=ttyS0
[    0.000000] KERNEL supported cpus:
[    0.000000]   Intel GenuineIntel
[    0.000000]   AMD AuthenticAMD
[    0.000000]   Centaur CentaurHauls
[    0.000000] x86/fpu: xstate_offset[2]:  576, xstate_sizes[2]:  256
[    0.000000] x86/fpu: Supporting XSAVE feature 0x01: 'x87 floating point registers'
[    0.000000] x86/fpu: Supporting XSAVE feature 0x02: 'SSE registers'
[    0.000000] x86/fpu: Supporting XSAVE feature 0x04: 'AVX registers'
[    0.000000] x86/fpu: Enabled xstate features 0x7, context size is 832 bytes, using 'standard' format.
[    0.000000] x86/fpu: Using 'eager' FPU context switches.
[    0.000000] e820: BIOS-provided physical RAM map:
[    0.000000] BIOS-e820: [mem 0x0000000000000000-0x000000000009fbff] usable
[    0.000000] BIOS-e820: [mem 0x000000000009fc00-0x000000000009ffff] reserved
[    0.000000] BIOS-e820: [mem 0x00000000000f0000-0x00000000000fffff] reserved
[    0.000000] BIOS-e820: [mem 0x0000000000100000-0x00000000dffeffff] usable
[    0.000000] BIOS-e820: [mem 0x00000000dfff0000-0x00000000dfffffff] ACPI data
[    0.000000] BIOS-e820: [mem 0x00000000fec00000-0x00000000fec00fff] reserved
[    0.000000] BIOS-e820: [mem 0x00000000fee00000-0x00000000fee00fff] reserved
[    0.000000] BIOS-e820: [mem 0x00000000fffc0000-0x00000000ffffffff] reserved
[    0.000000] BIOS-e820: [mem 0x0000000100000000-0x000000011fffffff] usable
[    0.000000] NX (Execute Disable) protection: active
[    0.000000] SMBIOS 2.5 present.
[    0.000000] Hypervisor detected: KVM
[    0.000000] e820: last_pfn = 0x120000 max_arch_pfn = 0x400000000
[    0.000000] MTRR: Disabled
[    0.000000] x86/PAT: MTRRs disabled, skipping PAT initialization too.
[    0.000000] CPU MTRRs all blank - virtualized system.
[    0.000000] x86/PAT: Configuration [0-7]: WB  WT  UC- UC  WB  WT  UC- UC  
[    0.000000] e820: last_pfn = 0xdfff0 max_arch_pfn = 0x400000000
[    0.000000] found SMP MP-table at [mem 0x0009fff0-0x0009ffff] mapped at [ffff88000009fff0]
[    0.000000] Scanning 1 areas for low memory corruption
[    0.000000] RAMDISK: [mem 0x3630c000-0x3717dfff]
[    0.000000] ACPI: Early table checksum verification disabled
[    0.000000] ACPI: RSDP 0x00000000000E0000 000024 (v02 VBOX  )
[    0.000000] ACPI: XSDT 0x00000000DFFF0030 00003C (v01 VBOX   VBOXXSDT 00000001 ASL  00000061)
[    0.000000] ACPI: FACP 0x000000000DFFF00F0 0000F4 (v04 VBOX   VBOXFACP 00000001 ASL  00000061)
[    0.000000] ACPI: DSDT 0x00000000DFFF0470 0021FF (v02 VBOX   VBOXBIOS 00000002 INTL 20100528)
[    0.000000] ACPI: FACS 0x00000000DFFF0200 000040
[    0.000000] ACPI: FACS 0x00000000DFFF0200 000040
[    0.000000] ACPI: APIC 0x00000000DFFF0240 00005C (v02 VBOX   VBOXAPIC 00000001 ASL  00000061)
[    0.000000] ACPI: SSDT 0x00000000DFFF02A0 0001CC (v01 VBOX   VBOXCPUT 00000002 INTL 20100528)
[    0.000000] No NUMA configuration found
[    0.000000] Faking a node at [mem 0x0000000000000000-0x000000011fffffff]
[    0.000000] NODE_DATA(0) allocated [mem 0x11fff7000-0x11fffbfff]
[    0.000000] kvm-clock: Using msrs 4b564d01 and 4b564d00
[    0.000000] kvm-clock: cpu 0, msr 1:1ffef001, primary cpu clock
[    0.000000] kvm-clock: using sched offset of 3256135086 cycles
[    0.000000] clocksorc km-clckma: 0xffffffffffax_cyes 0x1d44db, maxid_n 881595983s
[   .000] Zoe nge
[   0.000]   DMA      [emx00000000010-00000000fff
[    0.00]   MA  [mem0x000001000000-0x0000ffffff
[  0.0000  ormal   [mem 0x0000000100000000-0x000000011fffffff]
[    0.000000   Device   empty
[   0.000000] Movable zone start for each node
[    0.000000] Early memory node rangs
[    0.000000]   node   0: [mem 0x0000000000001000-0x000000000009efff]
[    0.000] node   [m 0x00000000000-0x00000feff]  0.00000] ne   : emx00000000000-0x000000011fffffff
[    000000] Initmem setup node 0 [mem0x0000000000001000-0x00011fffff
    .000000 AI: -TimerIOor: 0x00
[  0.00000]OAC[0]: piid2, vrsn , adre 0ec0000GSI 0-23
[    0.000000] ACPI: I_SRC_OVR (bus 0 bus_irq 0 global_irq 2 dfl dfl)
[    0.000000] ACPI: INT_SRC_OVR (bus 0 bus_irq 9 global_irq 9 low level)
[    0.000000] Using ACPI (MADT) for SMP configuration information
[    0.000000] smpboot: Allowing 2 CPUs, 0 hotplug CPUs
[    0.000000] PM: Registered nosave memory: [mem 0x00000000-0x00000fff]
[    0.000000] PM: Registered nosave memory: [mem 0x0009f000-0x0009ffff]
[    0.000000] PM: Registered nosave memory: [mem 0x000a0000-0x000effff]
[    0.000000] PM: Registered nosave memory: [mem 0x000f0000-0x000fffff]
[    0.000000] PM: Registered nosave memory: [mem 0xdfff0000-0xdfffffff]
[    0.000000] PM: Registered nosave memory: [mem 0xe0000000-0xfebfffff]
[    0.000000] PM: Registered nosave memory: [mem 0xfec00000-0xfec00fff]
[    0.000000] PM: Registered nosave memory: [mem 0xfec01000-0xfedfffff]
[    0.000000] PM: Registered nosave memory: [mem 0xfee00000-0xfee00fff]
[    0.000000] PM: Registered nosave memory: [mem 0xfee01000-0xfffbffff]
[    0.000000] PM: Registered nosave memory: [mem 0xfffc0000-0xffffffff]
[    0.000000] e820: [mem 0xe0000000-0xfebfffff] available for PCI devices
[    0.000000] Booting paravirtualized kernel on KVM
[    0.000000] clocksource: refined-jiffies: mask: 0xffffffff max_cycles: 0xffffffff, max_idle_ns: 7645519600211568 ns
[    0.000000] setup_percpu: NR_CPUS:512 nr_cpumask_bits:512 nr_cpu_ids:2 nr_node_ids:1
[    0.000000] PERCPU: Embedded 34 pages/cpu @ffff88011fc00000 s99544 r8192 d31528 u1048576
[    0.000000] PV qspinlock hash table entries: 256 (order: 0, 4096 bytes)
[    0.000000] Built 1 zonelists in Node order, mobility grouping on.  Total pages: 1032056
[    0.000000] Policy zone: Normal
[    0.000000] Kernel command line: BOOT_IMAGE=/boot/vmlinuz-4.4.0-131-generic root=LABEL=cloudimg-rootfs ro console=tty1 console=ttyS0
[    0.000000] PID hash table entries: 4096 (order: 3, 32768 bytes)
[    0.000000] Memory: 4028236K/4193848K available (8546K kernel code, 1313K rwdata, 4000K rodata, 1516K init, 1316K bss, 165612K reserved, 0K cma-reserved)
[    0.000000] SLUB: HWalign=64, Order=0-3, MinObjects=0, CPUs=2, Nodes=1
[    0.000000] Kernel/User page tables isolation: enabled
[    0.000000] Hierarchical RCU implementation.
[    0.000000] 	Build-time adjustment of leaf fanout to 64.
[    0.000000] 	RCU restricting CPUs from NR_CPUS=512 to nr_cpu_ids=2.
[    0.000000] RCU: Adjusting geometry for rcu_fanout_leaf=64, nr_cpu_ids=2
[    0.000000] NR_IRQS:33024 nr_irqs:440 16
[    0.000000] Console: colour VGA+ 80x25
[    0.000000] console [tty1] enabled
[    0.000000] console [ttyS0] enabled
[    0.000000] tsc: Detected 2903.998 MHz processor
[    3.371098] Calibrating delay loop (skipped) preset value.. 5807.99 BogoMIPS (lpj=11615992)
[    3.485128] pid_max: default: 32768 minimum: 301
[    3.567726] ACPI: Core revision 20150930
[    3.601203] ACPI: 2 ACPI AML tables successfully acquired and loaded
[    3.676911] Security Framework initialized
[    3.716727] Yama: becoming mindful.
[    3.783395] AppArmor: AppArmor initialized
[    3.849437] Dentry cache hash table entries: 524288 (order: 10, 4194304 bytes)
[    3.970500] Inode-cache hash table entries: 262144 (order: 9, 2097152 bytes)
[    4.101746] Mount-cache hash table entries: 8192 (order: 4, 65536 bytes)
[    4.228818] Mountpoint-cache hash table entries: 8192 (order: 4, 65536 bytes)
[    4.341789] Initializing cgroup subsys io
[    4.404346] Initializing cgroup subsys memory
[    4.409371] Initializing cgroup subsys devices
[    4.410360] Initializing cgroup subsys freezer
[    4.411366] Initializing cgroup subsys net_cls
[    4.412310] Initializing cgroup subsys perf_event
[    4.413430] Initializing cgroup subsys net_prio
[    4.414450] Initializing cgroup subsys hugetlb
[    4.415415] Initializing cgroup subsys pids
[    4.416388] CPU: Physical Processor ID: 0
[    4.417297] CPU: Processor Core ID: 0
[    4.419157] mce: CPU supports 0 MCE banks
[    4.420121] Last level iTLB entries: 4KB 64, 2MB 8, 4MB 8
[    4.421246] Last level dTLB entries: 4KB 64, 2MB 0, 4MB 0, 1GB 4
[    4.422511] Spectre V2 : Mitigation: Full generic retpoline
[    4.423664] Spectre V2 : Speculation control IBPB not-supported IBRS not-supported
[    4.425135] Spectre V2 : Filling RSB on context switch
[    4.426458] Speculative Store Bypass: Vulnerable
[    4.429453] Freeing SMP alternatives memory: 32K
[    4.436727] ftrace: allocating 32245 entries in 126 pages
[    4.477272] smpboot: APIC(0) Converting physical 0 to logical package 0
[    4.534957] smpboot: Max logical packages: 1
[    4.611755] x2apic enabled
[    4.645020] Switched APIC routing to physical x2apic.
[    4.673143] ..TIMER: vector=0x30 apic1=0 pin1=2 apic2=-1 pin2=-1
[    4.895021] smpboot: CPU0: Intel(R) Core(TM) i9-8950HK CPU @ 2.90GHz (family: 0x6, model: 0x9e, stepping: 0xa)
[    5.086427] Performance Events: unsupported p6 CPU model 158 no PMU driver, software events only.
[    5.264612] KVM setup paravirtual spinlock
[    5.343071] x86: Booting SMP configuration:
[    5.421754] .... node  #0, CPUs:      #1
[    5.488878] kvm-clock: cpu 1, msr 1:1ffef041, secondary cpu clock
[    5.491463] mce: CPU supports 0 MCE banks
[    5.494375] x86: Booted up 1 node, 2 CPUs
[    5.495799] smpboot: Total of 2 processors activated (11615.99 BogoMIPS)
[    5.497463] devtmpfs: initialized
[    5.500020] evm: security.selinux
[    5.500958] evm: security.SMACK64
[    5.501870] evm: security.SMACK64EXEC
[    5.502702] evm: security.SMACK64TRANSMUTE
[    5.503638] evm: security.SMACK64MMAP
[    5.504461] evm: security.ima
[    5.505180] evm: security.capability
[    5.506157] clocksource: jiffies: mask: 0xffffffff max_cycles: 0xffffffff, max_idle_ns: 7645041785100000 ns
[    5.508176] futex hash table entries: 512 (order: 3, 32768 bytes)
[    5.509552] pinctrl core: initialized pinctrl subsystem
[    5.510805] RTC time: 22:46:11, date: 08/09/18
[    5.511888] NET: Registered protocol family 16
[    5.520694] cpuidle: using governor ladder
[    5.533341] cpuidle: using governor menu
[    5.599620] PCCT header not found.
[    5.655354] ACPI: bus type PCI registered
[    5.719795] acpiphp: ACPI Hot Plug PCI Controller Driver version: 0.5
[    5.812580] PCI: Using configuration type 1 for base access
[    5.916005] ACPI: Added _OSI(Module Device)
[    5.957823] ACPI: Added _OSI(Processor Device)
[    6.007425] ACPI: Added _OSI(3.0 _SCP Extensions)
[    6.069161] ACPI: Added _OSI(Processor Aggregator Device)
[    6.148519] ACPI: Executed 1 blocks of module-level executable AML code
[    6.238773] ACPI: Interpreter enabled
[    6.290694] ACPI: (supports S0 S5)
[    6.343287] ACPI: Using IOAPIC for interrupt routing
[    6.428045] PCI: Using host bridge windows from ACPI; if necessary, use "pci=nocrs" and report a bug
[    6.546051] ACPI: PCI Root Bridge [PCI0] (domain 0000 [bus 00-ff])
[    6.566830] acpi PNP0A03:00: _OSC: OS supports [ASPM ClockPM Segments MSI]
[    6.568519] acpi PNP0A03:00: _OSC: not requesting OS control; OS requires [ExtendedConfig ASPM ClockPM MSI]
[    6.570512] acpi PNP0A03:00: fail to add MMCONFIG information, can't access extended PCI configuration space under this bridge.
[    6.580232] PCI host bridge to bus 0000:00
[    6.582593] pci_bus 0000:00: root bus resource [io  0x0000-0x0cf7 window]
[    6.584076] pci_bus 0000:00: root bus resource [io  0x0d00-0xffff window]
[    6.585519] pci_bus 0000:00: root bus resource [mem 0x000a0000-0x000bffff window]
[    6.587171] pci_bus 0000:00: root bus resource [mem 0xe0000000-0xfdffffff window]
[    6.588829] pci_bus 0000:00: root bus resource [bus 00-ff]
[    6.592014] pci 0000:00:01.1: legacy IDE quirk: reg 0x10: [io  0x01f0-0x01f7]
[    6.593681] pci 0000:00:01.1: legacy IDE quirk: reg 0x14: [io  0x03f6]
[    6.595045] pci 0000:00:01.1: legacy IDE quirk: reg 0x18: [io  0x0170-0x0177]
[    6.596500] pci 0000:00:01.1: legacy IDE quirk: reg 0x1c: [io  0x0376]
[    6.625902] pci 0000:00:07.0: quirk: [io  0x4000-0x403f] claimed by PIIX4 ACPI
[    6.685244] pci 0000:00:07.0: quirk: [io  0x4100-0x410f] claimed by PIIX4 SMB
[    6.801759] ACPI: PCI Interrupt Link [LNKA] (IRQs 5 9 10 *11)
[    6.887868] ACPI: PCI Interrupt Link [LNKB] (IRQs 5 9 *10 11)
[    6.972014] ACPI: PCI Interrupt Link [LNKC] (IRQs 5 *9 10 11)
[    7.067416] ACPI: PCI Interrupt Link [LNKD] (IRQs 5 9 10 *11)
[    7.111883] ACPI: Enabled 2 GPEs in block 00 to 07
[    7.174353] vgaarb: setting as boot device: PCI:0000:00:02.0
[    7.263081] vgaarb: device added: PCI:0000:00:02.0,decodes=io+mem,owns=io+mem,locks=none
[    7.382386] vgaarb: loaded
[    7.407711] vgaarb: bridge control possible 0000:00:02.0
[    7.489611] SCSI subsystem initialized
[    7.533294] ACPI: bus type USB registered
[    7.656000] usbcore: registered new interface driver usbfs
[    7.657622] usbcore: registered new interface driver hub
[    7.659264] usbcore: registered new device driver usb
[    7.660958] PCI: Using ACPI for IRQ routing
[    7.662551] NetLabel: Initializing
[    7.663638] NetLabel:  domain hash size = 128
[    7.665246] NetLabel:  protocols = UNLABELED CIPSOv4
[    7.666925] NetLabel:  unlabeled traffic allowed by default
[    7.668695] amd_nb: Cannot enumerate AMD northbridges
[    7.670166] clocksource: Switched to clocksource kvm-clock
[    7.680356] AppArmor: AppArmor Filesystem Enabled
[    7.682079] pnp: PnP ACPI init
[    7.684160] pnp: PnP ACPI: found 3 devices
[    7.694772] clocksource: acpi_pm: mask: 0xffffff max_cycles: 0xffffff, max_idle_ns: 2085701024 ns
[    7.696433] NET: Registered protocol family2
[    7.700] P taisd shab eri: 76(oer6,624 te
[   8.448] P ndastable entries: 32768 (order: 7, 524288 bytes)
[    8.738641] TCP: Hash tables configured (stablished 32768 bind 32768)
[    8.761077] DPastae trs: 20 (de 4656 te
   9.87] P-teastae trs:048 orer: , 53 bytes)
[    9.822224] NET: Registered protocol family 1
[    9.823551] pci 0000:00:00.0: Limiting direct PCI/PCI transfers
[    9.824876] pci 0000:00:01.0: Activating ISA DMA hang workarounds
[    9.826379] Unpacking initramfs...

[    9.995928] Freeing initrd memory: 14792K
[   10.102435] PCI-DMA: Using software bounce buffering for IO (SWIOTLB)
[   10.225081] software IO TLB [mem 0xdbff0000-0xdfff0000] (64MB) mapped at [ffff8800dbff0000-ffff8800dffeffff]
[   10.432353] platform rtc_cmos: registered platform RTC device (no PNP device found)
[   10.735695] Scanning for low memory corruption every 60 seconds
[   10.861044] audit: initializing netlink subsys (disabled)
[   10.895220] audit: type=2000 audit(1533854774.532:1): initialized
[   10.896787] Initialise system trusted keyring
[   10.898014] HugeTLB registered 2 MB page size, pre-allocated 0 pages
[   10.900443] zbud: loaded
[   10.901468] VFS: Disk quotas dquot_6.6.0
[   10.902402] VFS: Dquot-cache hash table entries: 512 (order 0, 4096 bytes)
[   10.904037] squashfs: version 4.0 (2009/01/31) Phillip Lougher
[   10.905525] fuse init (API version 7.23)
[   10.906573] Key type big_key registered
[   10.907538] Allocating IMA MOK and blacklist keyrings.
[   10.909859] Key type asymmetric registered
[   10.910896] Asymmetric key parser 'x509' registered
[   10.911978] Block layer SCSI generic (bsg) driver version 0.4 loaded (major 249)
[   10.913898] io scheduler noop registered
[   10.914847] io scheduler deadline registered (default)
[   10.916020] io scheduler cfq registered
[   10.917133] pci_hotplug: PCI Hot Plug PCI Core version: 0.5
[   10.918395] pciehp: PCI Express Hot Plug Controller Driver version: 0.4
[   10.920096] ACPI: AC Adapter [AC] (off-line)
[   10.921131] input: Power Button as /devices/LNXSYSTM:00/LNXPWRBN:00/input/input0
[   10.922854] ACPI: Power Button [PWRF]
[   10.923802] input: Sleep Button as /devices/LNXSYSTM:00/LNXSLPBN:00/input/input1
[   10.925623] ACPI: Sleep Button [SLPF]
[   10.927437] ACPI: Battery Slot [BAT0] (battery present)
[   10.928663] GHES: HEST is not enabled!
[   10.929604] Serial: 8250/16550 driver, 32 ports, IRQ sharing enabled
[   10.954146] 00:02: ttyS0 tt I/O 0x3f8 (irq = 4, base_baud = 115200) is a 16550A
[   11.151757] Linux agpgart interface v0.103
[   11.244437] loop: module loaded
[   11.307028] scsi host0: ata_piix
[   11.386646] scsi host1: ata_piix
[   11.387611] ata1: PATA max UDMA/33 cmd 0x1f0 ctl 0x3f6 bmdma 0xd000 irq 14
[   11.562533] ata2: PAT  aax UDMA/33 cmd 0x170 ctl00x376 bmdma 0xd008 irq 15
[   11.916458] tsc: Refined TSC clocksource calibration: 2905.476 MHz
[   11.918506] libphy: Fixed MDIO Bus: probed
[   11.918507] tun: Universal TUN/TAP device driver, 1.6
[   11.918507] tun: (C) 1999-2004 Max Krasnyansky <maxk@qualcomm.com>
[   11.974381] PPP generic driver version 2.4.2
[   11.974440] ehci_hcd: USB 2.0 'Enhanced' Host Controller (EHCI) Driver
[   11.974443] ehci-pci: EHCI PCI platform driver
[   11.974452] ehci-platform: EHCI generic platform driver
[   11.974458] ohci_hcd: USB 1.1 'Open' Host Controller (OHCI) Driver
[   11.974459] ohci-pci: OHCI PCI platform driver
[   11.974464] ohci-platform: OHCI generic platform driver
[   11.974469] uhci_hcd: USB Universal Host Controller Interface driver
[   11.974509] i8042: PNP: PS/2 Controller [PNP0303:PS2K,PNP0f03:PS2M] at 0x60,0x64 irq 1,12
[   11.974919] serio: i8042 KBD port at 0x60,0x64 irq 1
[   11.974923] serio: i8042 AUX port at 0x60,0x64 irq 12
[   11.974999] mousedev: PS/2 mouse device common for all mice
[   11.975187] input: AT Translated Set 2 keyboard as /devices/platform/i8042/serio0/input/input2
[   11.975549] rtc_cmos rtc_cmos: rtc core: registered rtc_cmos as rtc0
[   11.975589] rtc_cmos rtc_cmos: alarms up to one day, 114 bytes nvram
[   11.975593] i2c /dev entries driver
[   11.975629] device-mapper: uevent: version 1.0.3
[   11.975666] device-mapper: ioctl: 4.34.0-ioctl (2015-10-28) initialised: dm-devel@redhat.com
[   11.975679] ledtrig-cpu: registered to indicate activity on CPUs
[   11.975864] NET: Registered protocol family 10
[   11.975978] NET: Registered protocol family 17
[   11.975988] Key type dns_resolver registered
[   11.976197] registered taskstats version 1
[   11.976224] Loading compiled-in X.509 certificates
[   11.976944] Loaded X.509 cert 'Build time autogenerated kernel key: 8f274abdf49cd12572c1533a34d1eafea768213f'
[   11.976972] zswap: loaded using pool lzo/zbud
[   11.978142] Key type trusted registered
[   11.980103] Key type encrypted registered
[   11.980107] AppArmor: AppArmor sha1 policy hashing enabled
[   11.980109] ima: No TPM chip found, activating TPM-bypass!
[   11.980113] ima: Allocated hash algorithm: sha1
[   11.980123] evm: HMAC attrs: 0x1
[   11.980358]   Magic number: 14:259:805
[   11.981361] rtc_cmos rtc_cmos: setting system clock to 2018-08-09 22:46:18 UTC (1533854778)
[   11.981408] BIOS EDD facility v0.16 2004-Jun-25, 0 devices found
[   11.981408] EDD information not available.
[   12.198228] clocksource: tsc: mask: 0xffffffffffffffff max_cycles: 0x29e1785569a, max_idle_ns: 440795314943 ns
[   12.201301] Freeing unused kernel memory: 1516K
[   12.224757] Write protecting the kernel read-only data: 14336k
[   12.226385] Freeing unused kernel memory: 1680K
[   12.227420] Freeing unused kernel memory: 96K
Loading, please wait...
starting version[   12.237492] random: systemd-udevd: uninitialized urandom read (16 bytes read, 3 bits of entropy available)
 229
[   12.237854] random: udevadm: uninitialized urandom read (16 bytes read, 3 bits of entropy available)
[   12.237867] random: udevadm: uninitialized urandom read (16 bytes read, 3 bits of entropy available)
[   12.243288] random: udevadm: uninitialized urandom read (16 bytes read, 3 bits of entropy available)
[   12.243314] random: udevadm: uninitialized urandom read (16 bytes read, 3 bits of entropy available)
[   12.243455] random: udevadm: uninitialized urandom read (16 bytes read, 3 bits of entropy available)
[   12.243486] random: udevadm: uninitialized urandom read (16 bytes read, 3 bits of entropy available)
[   12.243514] random: udevadm: uninitialized urandom read (16 bytes read, 3 bits of entropy available)
[   12.243543] random: udevadm: uninitialized urandom read (16 bytes read, 3 bits of entropy available)
[   12.243572] random: udevadm: uninitialized urandom read (16 bytes read, 3 bits of entropy available)
[   12.305424] Fusion MPT base driver 3.04.20
[   12.306255] Copyright (c) 1999-2008 LSI Corporation
[   12.307740] e1000: Intel(R) PRO/1000 Network Driver - version 7.3.21-k8-NAPI
[   12.431976] e1000: Copyright (c) 1999-2006 Intel Corporation.
[   12.603664] Fusion MPT SPI Host driver 3.04.20
[   12.752209] mptbase: ioc0: Initiating bringup
[   12.894203] AVX2 version of gcm_enc/dec engaged.
[   12.994686] AES CTR mode by8 optimization enabled
[   13.059577] input: ImExPS/2 Generic Explorer Mouse as /devices/platform/i8042/serio1/input/input4
[   13.105603] ioc0: LSI53C1030 A0: Capabilities={Initiator}
[   13.498791] scsi host2: ioc0: LSI53C1030 A0, FwRev=00000000h, Ports=1, MaxQ=256, IRQ=20
[   15.145459] scsi 2:0:0:0: Direct-Access     VBOX     HARDDISK         1.0  PQ: 0 ANSI: 5
[   15.209320] scsi target2:0:0: Beginning Domain Validation
[   15.224048] scsi target2:0:0: Domain Validation skipping write tests
[   15.227679] scsi target2:0:0: Ending Domain Validation
[   15.233804] scsi target2:0:0: asynchronous
[   15.243987] scsi 2:0:1:0: Direct-Access     VBOX     HARDDISK         1.0  PQ: 0 ANSI: 5
[   15.248958] scsi target2:0:1: Beginning Domain Validation
[   15.252299] scsi target2:0:1: Domain Validation skipping write tests
[   15.254849] scsi target2:0:1: Ending Domain Validation
[   15.256105] scsi target2:0:1: asynchronous
[   15.266703] sd 2:0:0:0: Attached scsi generic sg0 type 0
[   15.267942] sd 2:0:0:0: [sda] 20971520 512-byte logical blocks: (10.7 GB/10.0 GiB)
[   15.352167] sd 2:0:1:0: [sdb] 20480 512-byte logical blocks: (10.5 MB/10.0 MiB)
[   15.487158] sd 2:0:1:0: Attached scsi generic sg1 type 0
[   15.526843] e1000 0000:00:03.0 eth0: (PCI:33MHz:32-bit) 02:54:ad:ea:60:2e
[   15.526846] e1000 0000:00:03.0 eth0: Intel(R) PRO/1000 Network Connection
[   15.690544] e1000 0000:00:03.0 enp0s3: renamed from eth0
[   15.815542] sd 2:0:0:0: [sda] Write Protect is off
[   15.815707] sd 2:0:1:0: [sdb] Write Protect is off
[   15.815931] sd 2:0:1:0: [sdb] Incomplete mode parameter data
[   15.815932] sd 2:0:1:0: [sdb] Assuming drive cache: write through
[   15.909321] sd 2:0:1:0: [sdb] Attached SCSI disk
[   16.304665] sd 2:0:0:0: [sda] Incomplete mode parameter data
[   16.305951] sd 2:0:0:0: [sda] Assuming drive cache: write through
[   16.308761]  sda: sda1
[   16.310080] sd 2:0:0:0: [sda] Attached SCSI disk
Begin: Loading e[   17.558057] md: linear personality registered for level -1
ssential drivers[   17.664741] md: multipath personality registered for level -4
 ... [   17.777622] md: raid0 personality registered for level 0
[   17.884626] md: raid1 personality registered for level 1
[   18.142277] raid6: sse2x1   gen() 15225 MB/s
[   18.290313] raid6: sse2x1   xor() 11492 MB/s
[   18.406404] raid6: sse2x2   gen() 18777 MB/s
[   18.518374] raid6: sse2x2   xor() 10752 MB/s
[   18.594322] raid6: sse2x4   gen() 21139 MB/s
[   18.754706] raid6: sse2x4   xor() 14877 MB/s
[   18.882194] raid6: avx2x1   gen() 29619 MB/s
[   19.038638] raid6: avx2x2   gen() 30916 MB/s
[   19.190360] raid6: avx2x4   gen() 36660 MB/s
[   19.254917] raid6: using algorithm avx2x4 gen() 36660 MB/s
[   19.348151] raid6: using avx2x2 recovery algorithm
[   19.445444] xor: automatically using best checksumming function:
[   19.570417]    avx       : 31306.000 MB/sec
[   19.576755] async_tx: api initialized (async)
[   19.583216] md: raid6 personality registered for level 6
[   19.686974] md: raid5 personality registered for level 5
[   19.802734] md: raid4 personality registered for level 4
[   19.918692] md: raid10 personality registered for level 10
done.
Begin: Running /scripts/init-premount ...[   20.051840] Btrfs loaded
 done.
Begin: Mounting root file system ... Begin: Running /scripts/local-top ... done.
Begin: Running /scripts/local-premount ... Scanning for Btrfs filesystems
done.
Warning: fsck no[   20.132083] EXT4-fs (sda1): mounted filesystem with ordered data mode. Opts: (null)
t present, so skipping root file system
done.
Begin: Running /scripts/local-bottom ... done.
Begin: Running /scripts/init-bottom ... done.
[   20.344768] systemd[1]: systemd 229 running in system mode. (+PAM +AUDIT +SELINUX +IMA +APPARMOR +SMACK +SYSVINIT +UTMP +LIBCRYPTSETUP +GCRYPT +GNUTLS +ACL +XZ -LZ4 +SECCOMP +BLKID +ELFUTILS +KMOD -IDN)
[   20.540220] systemd[1]: Detected virtualization oracle.
[   20.543434] systemd[1]: Detected architecture x86-64.

Welcome to [1mUbuntu 16.04.5 LTS[0m!

[   20.566921] systemd[1]: Set hostname to <ubuntu>.
[   20.620805] systemd[1]: Initializing machine ID from random generator.
[   20.622235] systemd[1]: Installed transient /etc/machine-id file.
[   20.696852] systemd[1]: Listening on LVM2 metadata daemon socket.
[[0;32m  OK  [0m] Listening on LVM2 metadata daemon socket.
[   20.699235] systemd[1]: Listening on Device-mapper event daemon FIFOs.
[[0;32m  OK  [0m] Listening on Device-mapper event daemon FIFOs.
[   20.702991] systemd[1]: Listening on LVM2 poll daemon socket.
[[0;32m  OK  [0m] Listening on LVM2 poll daemon socket.
[   20.726951] systemd[1]: Reached target User and Group Name Lookuss.
[[0;32m  OK  [0m] Reached target User and Group Name Lookups.
[   20.861338] systemd[1]: Listening on Journal Sokktt((ddev/log).
[[0;32m  OK  [0m] Listening on Journal Socket (/dev/log).
[   21.039199] systemd[1]: Creatdd slice User and Session Slice.
[[0;32m  OK  [0m] Created slice User and Session Slice.
[   21.227539] system[[]]: Started Trigger resolvconf update for networkd DNS.
[[0;32m  OK  [0m] Started Trigger resolvconf update for networkd DNS.
[   21.515180] systemd[1]: Listening on Journal Socket.
[[0;32m  OK  [0m] Listening on Journal Socket.
[   21.702349] systemd[1]: Set up automount Arbitrary Executable File Formats File System Automount Point.
[[0;32m  OK  [0m] Set up automount Arbitrary Executab...ats File System Automount Point.
[   21.706282] systemd[1]: Created slice System Slice.
[[0;32m  OK  [0m] Created slice System Slice.
[   21.708497] systemd[1]: Reached target Slices.
[[0;32m  OK  [0m] Reached target Slices.
[   21.722307] systemd[1]: Mounting Debug File System...
         Mounting Debug File System...
[   21.724796] systemd[1]: Created slice system-serial\x2dgetty.slice.
[[0;32m  OK  [0m] Created slice system-serial\x2dgetty.slice.
[   21.727986] systemd[1]: Starting Uncomplicated firewall...
         Starting Uncomplicated firewall...
[   21.732234] systemd[1]: Starting Set console keymap...
         Starting Set console keymap...
[   21.735186] systemd[1]: Starting Create list of required static device nodes for the current kernel...
         Starting Create list of required st... nodes for the current kernel...
[   21.739657] systemd[1]: Starting Nameserver information manager...
         Starting Nameserver information manager...
[   21.834766] systemd[1]: Starting Remount ooot and Krreel File Systems...
[   21.837692] EXT4-fs (sda1): re-mounted. Opts: (null)
         Starting Remount Root and Kernel File Systems...
[   22.287537] systemd11::LLsstening on udev Kernel Socket.
[[0;32m  OK  [0m] Listening on udev Kernel Socket.
[   22.503195] systemd[1]: Reached target System Time Synchronized.
[[0;32m  OK  [0m] Reached target System Time Synchronized.
[   22.627245]ssystemd[1]: Started Forward Password Requests to Wall Directory Watch.
[[0;32m  OK  [0m] Started Forward Password Requests to Wall Directory Watch.
[   22.794321] systemd[1]: Starting Monitoring of LVM2 mirrors, snapshots etc. using dmeventd or progress polling...
[   22.794542] random: nonblocking pool is initialized
         Starting Monitoring of LVM2 mirrors... dmeventd or progress polling...
[   22.801537] systemd[1]: Listening on udev Control Socket.
[[0;32m  OK  [0m] Listening on udev Control Socket.
[   22.804042] systemd[1]: Listening on Syslog Socket.
[[0;32m  OK  [0m] Listening on Syslog Socket.
[   22.806771] systemd[1]: Mounting Huge Pages File System...
         Mounting Huge Pages File System...
[   22.809147] systemd[1]: Reached target Swap.
[[0;32m  OK  [0m] Reached target Swap.
[   22.811247] systemd[1]: Listening on /dev/initctl Compatibility Named Pipe.
[[0;32m  OK  [0m] Listening on /dev/initctl Compatibility Named Pipe.
[   22.814607] systemd[1]: Mounting POSIX Message Queue File System...
         Mounting POSIX Message Queue File System...
[   22.818090] systemd[1]: Starting Load Kernel Modules...
         Starting Load Kernel Modules...
[   22.820341] systemd[1]: Reached target Encrypted Volumes.
[[0;32m  OK  [0[   22.822653] Loading iSCSI transport class v2.0-870.
m] Reached targe[   22.914704] iscsi: registered transport (tcp)
t Encrypted Volumes.
[   23.027733] iscsi: registered transport (iser)
[   23.795385] systemd[1]: Listening on Journal Audit Socket.
[[0;32m  OK  [0m] Listening on Journal Audit Socket.
[   23.878472] systemd[1]: Starting Journal Service...
         Starting Journal Service...
[   23.882719] systemd[1]: Mounted Debug File System.
[[0;32m  OK  [0m] Mounted Debug File System.
[   23.886714] systemd[1]: Mounted POSIX Message Queue File System.
[[0;32m  OK  [0m] Mounted POSIX Message Queue File System.
[   23.891106] systemd[1]: Mounted Huge Pages File System.
[[0;32m  OK  [0m] Mounted Huge Pages File System.
[   23.895384] systemd[1]: Started Uncomplicated firewall.
[[0;32m  OK  [0m] Started Uncomplicated firewall.
[   23.898193] systemd[1]: Started Set console keymap.
[[0;32m  OK  [0m] Started Set console keymap.
[   23.902020] systemd[1]: Started Create list of required static device nodes for the current kernel.
[[0;32m  OK  [0m] Started Create list of required sta...ce nodes for the current kernel.
[   23.947359] systemd[1]: Started Remount Root and Kernel File Systems.
[[0;32m  OK  [0m] Started Remount Root and Kernel File Systems.
[   24.151551] systemd[1]: Starte  Load Kernel Modules.
[[0;32m  OK  [0m] Started Load Kernel Modules.
[   24.383073] systemd[1]: Started Nameserver information manager.
[[0;32m  OK  [0m] Started Nameserver information manager.
[   24.612140] systemd[1]: Started Journal Service.
[[0;32m  OK  [0m] Started Journal Service.
[[0;32m  OK  [0m] Started LVM2 metadata daemon.
         Mounting FUSE Control File System...
         Starting Apply Kernel Variables...
         Starting Flush Journal to Persistent Storage...
         Starting udev Coldplug all Devices...
         Starting Load/Save Random Seed...
         Starting Create Static Device Nodes in /dev...
[[0;32m  OK  [0m] Mounted FUSE Control File System.
[[0;32m  OK  [0m] Started Apply Kernel Variables.
[[0;32m  OK  [0m] Started Load/Save Random Seed.
[[0;32m  OK  [0m] Started Create Static Device Nodes in /dev.
         Starting udev Kernel Device Manager...
[[0;32m  OK  [0m] Started Flush Journal to Persistent Storage.
[[0;32m  OK  [0m] Started udev Coldplug all Devices.
[[0;32m  OK  [0m] Started udev Kernel Device Manager.
[[0;32m  OK  [0m] Started Dispatch Password Requests to Console Directory Watch.
[[0;32m  OK  [0m] Found device /dev/ttyS0.
[[0;32m  OK  [0m] Started Monitoring of LVM2 mirrors,...ng dmeventd or progress polling.
[[0;32m  OK  [0m] Listening on Load/Save RF Kill Switch Status /dev/rfkill Watch.
[[0;32m  OK  [0m] Reached target Local File Systems (Pre).
[[0;32m  OK  [0m] Reached target Local File Systems.
         Starting Tell Plymouth To Write Out Runtime Data...
         Starting Create Volatile Files and Directories...
         Starting Set console font and keymap...
         Starting Initial cloud-init job (pre-networking)...
         Starting LSB: AppArmor initialization...
         Starting Commit a transient machine-id on disk...
[[0;32m  OK  [0m] Started Tell Plymouth To Write Out Runtime Data.
[[0;32m  OK  [0m] Started Create Volatile Files and Directories.
         Starting Update UTMP about System Boot/Shutdown...
[[0;32m  OK  [0m] Started Set console font and keymap.
[[0;32m  OK  [0m] Started Commit a transient machine-id on disk.
[[0;32m  OK  [0m] Started Update UTMP about System Boot/Shutdown.
[[0;32m  OK  [0m] Created slice system-getty.slice.
[   19.094604] cloud-init[624]: Cloud-init v. 18.3-9-g2e62cb8a-0ubuntu1~16.04.2 running 'init-local' at Thu, 09 Aug 2018 22:46:32 +0000. Up 18.81 seconds.
[[0;32m  OK  [0m] Started LSB: AppArmor initialization.
[[0;32m  OK  [0m] Started Initial cloud-init job (pre-networking).
[[0;32m  OK  [0m] Reached target Network (Pre).
         Starting Raise network interfaces...
[[0;32m  OK  [0m] Started Raise network interfaces.
         Starting Initial cloud-init job (metadata service crawler)...
[[0;32m  OK  [0m] Reached target Network.
[   20.252363] cloud-init[933]: Cloud-init v. 18.3-9-g2e62cb8a-0ubuntu1~16.04.2 running 'init' at Thu, 09 Aug 2018 22:46:33 +0000. Up 19.75 seconds.
[   20.255999] cloud-init[933]: ci-info: ++++++++++++++++++++++++++++++++++++++Net device info++++++++++++++++++++++++++++++++++++++
[   20.258532] cloud-init[933]: ci-info: +--------+------+----------------------------+---------------+--------+-------------------+
[   20.261087] cloud-init[933]: ci-info: | Device |  Up  |          Address           |      Mask     | Scope  |     Hw-Address    |
[   20.263822] cloud-init[933]: ci-info: +--------+------+----------------------------+---------------+--------+-------------------+
[   20.266088] cloud-init[933]: ci-info: | enp0s3 | True |         10.0.2.15          | 255.255.255.0 | global | 02:54:ad:ea:60:2e |
[   20.268130] cloud-init[933]: ci-info: | enp0s3 | True | fe80::54:adff:feea:602e/64 |       .       |  link  | 02:54:ad:ea:60:2e |
[   20.314431] cloud-init[933]: ci-info: |   lo   | True |         127.0.0.1          |   255.0.0.0   |  host  |         .         |
[   20.320505] [[0;32m  OK  [0m] Started Initial cloud-init job (metadata service crawler).
[[0;32m  OK  [0m] Reached target Cloud-config availability.
[[0;32m  OK  [0m] Reached target Network is Online.
cloud-init[933]: ci-info: |   lo   | True |          ::1/128           |       .       |  host  |         .         |
[   20.327500] cloud-init[933]: ci-info: +--------+------+----------------------------+---------------+--------+-------------------+
[   20.330891] cloud-init[933]:          Starting iSCSI initiator daemon (iscsid)...
[[0;32m  OK  [0m] Reached target System Initialization.
[[0;32m  OK  [0m] Listening on ACPID Listen Socket.
[[0;32m  OK  [0m] Listening on D-Bus System Message Bus Socket.
[[0;32m  OK  [0m] Started Daily Cleanup of Temporary Directories.
ci-info: +++++++++++++++++++++++++++Route IPv4 info++++++++++++++++++++++++++++
[   20.338817] cloud-init[933]: ci-info: +-------+-------------+----------+---------------+-----------+-------+
[   20.339173] cloud-init[933]: ci-info: | Route | Destination | Gateway  |    Genmask    | Interface | Flags |
[   20.339640] cloud-init[933]: ci-info: +-------+-------------+----------+---------------+-----------+-------+
[   20.339853] cloud-init[933]: ci-info: |   0   |   0.0.0.0   | 10.0.2.2 |    0.0.0.0    |   enp0s3  |   UG  |
[   20.340347] cloud-init[933]: ci-info: |   1   |   10.0.2.0  | 0.0.0.0  | 255.255.255.0 |   enp0s3  |   U   |
[   20.340552] cloud-init[933]: ci-info: +-------+-------------+----------+---------------+-----------+-------+
[   20.340794] cloud-init[933]: ci-info: +++++++++++++++++++Route IPv6 info+++++++++++++++++++
[   20.341006] cloud-init[933]: ci-info: +-------+-------------+---------+-----------+-------+
[[0;32m  OK  [0m] Started ACPI Events Check.
[[   20.341030] cloud-init[933]: ci-info: | Route | Destination | Gateway | Interface | Flags |
[   20.356286] cloud-init[933]: ci-info: +-------+-------------+---------+-----------+-------+
[   20.356417] cloud-init[933]: ci-info: |   0   |  fe80::/64  |    ::   |   enp0s3  |   U   |
[   20.356589] cloud-init[933]: ci-info: |   3   |   ff00::/8  |    ::   |   enp0s3  |   U   |
[   20.356764] cloud-init[933]: ci-info: +-------+-------------+---------+-----------+-------+
[   20.356950] cloud-init[933]: Generating public/private rsa key pair.
[   20.357115] cloud-init[933]: Your identification has been saved in /etc/ssh/ssh_host_rsa_key.
[   20.357289] cloud-init[933]: Your public key has been saved in /etc/ssh/ssh_host_rsa_key.pub.
[   20.357464] cloud-init[933]: The key fingerprint is:
[   20.357643] cloud-init[933]: SHA256:3W2wT/0GtQ1g8Aa5dwiVyDqyPmqshjX7jRFn553DfMQ root@ubuntu-xenial
[   20.357816] cloud-init[933]: The key's randomart image is:
[   20.357989] cloud-init[933]: +---[RSA 2048]----+
[   20.358166] cloud-init[933]: |         .o=+.   |
[   20.358340] cloud-init[933]: |          =+..   |
[0;32m  OK  [0m] Reached target Paths.[   20.358604] 
cloud-init[933]: |         . o+.. .|
[   20.414141] cloud-init[933]: |      . o..+o+.+o|
[   20.414452] cloud-init[933]: |    . ooS...E.=.o|
[   20.414677] cloud-init[933]: |  o  +.o + o + ..|
[   20.414904] cloud-init[933]: | o +..  . * . . o|
[   20.415120] cloud-init[933]: |. o o+o    o   . |
[   20.415411] cloud-init[933]: | ..++...         |
[   20.415596] cloud-init[933]: +----[SHA256]-----+
[   20.415825] cloud-init[933]: Generating public/private dsa key pair.
[   20.416059] cloud-init[933]: Your identification has been saved in /etc/ssh/ssh_host_dsa_key.
[   20.416278] cloud-init[933]: Your public key has been saved in /etc/ssh/ssh_host_dsa_key.pub.
[   20.416495] cloud-init[933]: The key fingerprint is:
[   20.416839] cloud-init[933]: SHA256:zXbJqnVPoVc7P/y5TPUn5+ldBLy4m+tr1y9oN/T6Ae4 root@ubuntu-xenial
[   20.417168] cloud-init[933]: The key's randomart image is:
[[0;32m  OK  [0m] Listening on UUID daemon activation socket.
[   20.417212] cloud-init[933]: +---[DSA 1024]----+
[   20.430052] cloud-init[933]: |                 |
[   20.430370] cloud-init[933]: |             .   |
[   20.430618] cloud-init[933]: |              o  |
[   20.430856] cloud-init[933]: |         o . o o |
[   20.431127] cloud-init[933]: |        S + =.o +|
[   20.431424] cloud-init[933]: |         . o.oo++|
[   20.431820] cloud-init[933]: |          o ++=B=|
[   20.432302] cloud-init[933]: |         o .=*B*%|
[   20.432526] cloud-init[933]: |        .  +*E+@%|
[   20.432750] cloud-init[933]: +----[SHA256]-----+
[   20.432968] cloud-init[933]: Generating public/private ecdsa key pair.
[   20.433213] cloud-init[933]: Your identification has been saved in /etc/ssh/ssh_host_ecdsa_key.
[   20.433463] cloud-init[933]: Your public key has been saved in /etc/ssh/ssh_host_ecdsa_key.pub.
[   20.433681] cloud-init[933]: The key fingerprint is:
         Starting Socket activation for snappy daemon.
[[   20.433704] cloud-init[933]: SHA256:63h4MLZcDcFn4gtpXZ8JkrHVyDI/QIz+Nn86Uvcqz2A root@ubuntu-xenial
[   20.500115] cloud-init[933]: The key's randomart image is:
[0;32m  OK  [0m] Started Daily apt download activities.
[   20.500754] cloud-init[933]: +---[ECDSA 256]---+
[   20.505139] cloud-init[933]: |       =o+.o     |
[   20.505373] cloud-init[933]: |      . @oB .    |
[   20.505615] cloud-init[933]: |     . +.% o o   |
[   20.505861] cloud-init[933]: |      = + o +    |
[   20.506284] cloud-init[933]: |     . oS+ .     |
[   20.506512] cloud-init[933]: |      + *.o .    |
[   20.506762] cloud-init[933]: |     o B.+E. .   |
[   20.507021] cloud-init[933]: |      +o+.+o. .  |
[   20.507240] cloud-init[933]: |      .o...*+.   |
[   20.507469] cloud-init[933]: +----[SHA256]-----+
[   20.507722] cloud-init[933]: Generating public/private ed25519 key pair.
[   20.507934] cloud-init[933]: Your identification has been saved in /etc/ssh/ssh_host_ed25519_key.
[   20.508368] cloud-init[933]: Your public key has been saved in /etc/ssh/ssh_host_ed25519_key.pub.
[   20.508860] cloud-init[933]: The key fingerprint is:
[[0;32m  OK  [0m[   20.509097] ] cloud-initStarted Daily apt upgrade and clean activities.[933]: 
SHA256:BOQOyQPNTiLvej5TOqJ4aiOpX3t04Zzf/SGnGotydkA root@ubuntu-xenial
[   20.522766] cloud-init[933]: The key's randomart image is:
[   20.523089] cloud-init[933]: +--[ED25519 256]--+
[   20.523265] cloud-init[933]: |  .o .o          |
[   20.523588] cloud-init[933]: |. .o+o .         |
[   20.523753] cloud-init[933]: | o += . .        |
[   20.523950] cloud-init[933]: |  . .+ ..E       |
[   20.524292] cloud-init[933]: | .    .oSo       |
[   20.524451] cloud-init[933]: |  . . . =.       |
[   20.524614] cloud-init[933]: | o o.. . ..o o o |
[   20.524781] cloud-init[933]: |*oB. ... oo.+ = .|
[   20.525067] cloud-init[933]: |XB++..  +..o.. ..|
[   20.525110] cloud-init[933]: +----[SHA256]-----+
[[0;32m  OK  [0m] Reached target Timers.
         Starting LXD - unix socket.
[[0;32m  OK  [0m] Listening on Socket activation for snappy daemon.
[[0;32m  OK  [0m] Listening on LXD - unix socket.
[[0;32m  OK  [0m] Started iSCSI initiator daemon (iscsid).
         Starting Login to default iSCSI targets...
[[0;32m  OK  [0m] Reached target Sockets.
[[0;32m  OK  [0m] Reached target Basic System.
[[0;32m  OK  [0m] Started FUSE filesystem for LXC.
[[0;32m  OK  [0m] Started Unattended Upgrades Shutdown.
         Starting /etc/rc.local Compatibility...
         Starting LSB: MD monitoring daemon...
         Starting LXD - container startup/shutdown...
         Starting Accounts Service...
         Starting Virtualbox guest utils...
         Starting Pollinate to seed the pseudo random number generator...
[[0;32m  OK  [0m] Started ACPI event daemon.
[[0;32m  OK  [0m] Started Regular background program processing daemon.
         Starting System Logging Service...
[[0;32m  OK  [0m] Started Deferred execution scheduler.
         Starting Snappy daemon...
[[0;32m  OK  [0m] Started D-Bus System Message Bus.
         Starting Login Service...
         Starting LSB: Record successful boot for GRUB...
[[0;32m  OK  [0m] Started System Logging Service.
[[0;32m  OK  [0m] Started /etc/rc.local Compatibility.
[[0;32m  OK  [0m] Started LXD - container startup/shutdown.
[[0;32m  OK  [0m] Started Login to default iSCSI targets.
[[0;32m  OK  [0m] Started LSB: MD monitoring daemon.
         Starting Authenticate and Authorize Users to Run Privileged Tasks...
[[0;32m  OK  [0m] Reached target Remote File Systems (Pre).
[[0;32m  OK  [0m] Reached target Remote File Systems.
         Starting Permit User Sessions...
         Starting LSB: automatic crash report generation...
         Starting LSB: Set the CPU Frequency Scaling governor to "ondemand"...
         Starting LSB: daemon to balance interrupts for SMP systems...
[[0;32m  OK  [0m] Started Virtualbox guest utils.
[[0;32m  OK  [0m] Started LSB: Record successful boot for GRUB.
[[0;32m  OK  [0m] Started Permit User Sessions.
[[0;32m  OK  [0m] Started Snappy daemon.
[[0;32m  OK  [0m] Started Login Service.
[[0;32m  OK  [0m] Started Authenticate and Authorize Users to Run Privileged Tasks.
[[0;32m  OK  [0m] Started Accounts Service.
         Starting Wait until snapd is fully seeded...
         Starting Terminate Plymouth Boot Screen...
         Starting Hold until boot process finishes up...
[[0;32m  OK  [0m] Started LSB: automatic crash report generation.
[[0;32m  OK  [0m] Started LSB: Set the CPU Frequency Scaling governor to "ondemand".
[[0;32m  OK  [0m] Started LSB: daemon to balance interrupts for SMP systems.
[[0;32m  OK  [0m] Started Hold until boot process finishes up.
[[0;32m  OK  [0m] Started Terminate Plymouth Boot Screen.
[[0;32m  OK  [0m] Started Serial Getty on ttyS0.
         Starting Set console scheme...
[[0;32m  OK  [0m] Started Getty on tty1.
[[0;32m  OK  [0m] Reached target Login Prompts.
[[0;32m  OK  [0m] Started Set console scheme.
[[0;32m  OK  [0m] Started Pollinate to seed the pseudo random number generator.
         Starting OpenBSD Secure Shell server...
[[0;32m  OK  [0m] Started OpenBSD Secure Shell server.
[[0;32m  OK  [0m] Created slice User Slice of vagrant.
         Starting User Manager for UID 1000...
[[0;32m  OK  [0m] Started User Manager for UID 1000.
[[0;32m  OK  [0m] Started Session 1 of user vagrant.
         Stopping User Manager for UID 1000...
[[0;32m  OK  [0m] Stopped User Manager for UID 1000.
[[0;32m  OK  [0m] Removed slice User Slice of vagrant.
[[0;32m  OK  [0m] Created slice User Slice of vagrant.
         Starting User Manager for UID 1000...
[[0;32m  OK  [0m] Started User Manager for UID 1000.
[[0;32m  OK  [0m] Started Session 2 of user vagrant.
[[0;32m  OK  [0m] Started Wait until snapd is fully seeded.
[[0;32m  OK  [0m] Reached target Multi-User System.
[[0;32m  OK  [0m] Reached target Graphical Interface.
         Starting Update UTMP about System Runlevel Changes...
         Starting Apply the settings specified in cloud-config...
[[0;32m  OK  [0m] Started Update UTMP about System Runlevel Changes.
[   23.290854] cloud-init[1490]: Generating locales (this might take a while)...
         Starting Hostname Service...
[[0;32m  OK  [0m] Started Hostname Service.
[   23.841761] cloud-init[1490]:   en_US.UTF-8... done
[   23.879630] cloud-init[1490]: Generation complete.
[   24.026069] cloud-init[1490]: Cloud-init v. 18.3-9-g2e62cb8a-0ubuntu1~16.04.2 running 'modules:config' at Thu, 09 Aug 2018 22:46:36 +0000. Up 23.21 seconds.
[[0;32m  OK  [0m] Started Apply the settings specified in cloud-config.
         Starting Execute cloud user/final scripts...
ci-info: no authorized ssh keys fingerprints found for user ubuntu.
<14>Aug  9 22:46:38 ec2: 
<14>Aug  9 22:46:38 ec2: #############################################################
<14>Aug  9 22:46:38 ec2: -----BEGIN SSH HOST KEY FINGERPRINTS-----
<14>Aug  9 22:46:38 ec2: 1024 SHA256:zXbJqnVPoVc7P/y5TPUn5+ldBLy4m+tr1y9oN/T6Ae4 root@ubuntu-xenial (DSA)
<14>Aug  9 22:46:38 ec2: 256 SHA256:63h4MLZcDcFn4gtpXZ8JkrHVyDI/QIz+Nn86Uvcqz2A root@ubuntu-xenial (ECDSA)
<14>Aug  9 22:46:38 ec2: 256 SHA256:BOQOyQPNTiLvej5TOqJ4aiOpX3t04Zzf/SGnGotydkA root@ubuntu-xenial (ED25519)
<14>Aug  9 22:46:38 ec2: 2048 SHA256:3W2wT/0GtQ1g8Aa5dwiVyDqyPmqshjX7jRFn553DfMQ root@ubuntu-xenial (RSA)
<14>Aug  9 22:46:38 ec2: -----END SSH HOST KEY FINGERPRINTS-----
<14>Aug  9 22:46:38 ec2: #############################################################
-----BEGIN SSH HOST KEY KEYS-----
ecdsa-sha2-nistp256 AAAAE2VjZHNhLXNoYTItbmlzdHAyNTYAAAAIbmlzdHAyNTYAAABBBIN/6jGcundbbsiscVxGpKzc5HnQ1bEYuJqrVh+U5MUeQ7jPhm6MGhrp2nIF47NmHMh4kVoCp4RRsYKhNp2CrCE= root@ubuntu-xenial
ssh-ed25519 AAAAC3NzaC1lZDI1NTE5AAAAILOlPfWbDLnDbGInE8InXGB8bIiSR6q2JYS70Fyy866H root@ubuntu-xenial
ssh-rsa AAAAB3NzaC1yc2EAAAADAQABAAABAQDNA+imZDXvO2THnRxImmfOINnhs5dNN34JU1oVu+kB4I61TVjVk2oDi8f1u332exaVhBKGxFo2v2xc8omksAPB/Huu3BvM1jVY6hqYvpX+AFc+AlZhypVc9nHw4ZF6DvB9DFFKLEuFSpdLd9kRwOqlmlc+ZWyZaRT9Jw1dLftUo7p7Yz8KcE3CABVmQ5ou+a/OLHd07Sr6HLV0eb3cXnwYCm83jpXgZWhQRP1DpMly6aOjCvV4Jq6HpCQFZgdlnDBlQUiMrgKo2mAOcaZS3Oa+k4E2RZ8EO59dkc3Tm6DpvtNgQTckVotomQSrda+pmd9P+pA2+RsZjpU7MeTszePv root@ubuntu-xenial
-----END SSH HOST KEY KEYS-----
[   24.701025] cloud-init[1583]: Cloud-init v. 18.3-9-g2e62cb8a-0ubuntu1~16.04.2 running 'modules:final' at Thu, 09 Aug 2018 22:46:38 +0000. Up 24.33 seconds.
[   24.705108] cloud-init[1583]: ci-info: no authorized ssh keys fingerprints found for user ubuntu.
[   24.707723] cloud-init[1583]: Cloud-init v. 18.3-9-g2e62cb8a-0ubuntu1~16.04.2 finished at Thu, 09 Aug 2018 22:46:38 +0000. Datasource DataSourceNoCloud [seed=/dev/sdb][dsmode=net].  Up 24.69 seconds
[[0;32m  OK  [0m] Started Execute cloud user/final scripts.
[[0;32m  OK  [0m] Reached target Cloud-init target.

Ubuntu 16.04.5 LTS nexus-ubuntu-xenial64 ttyS0

nexus-ubuntu-xenial64 login: 